

HI-TECH Software 8051 Macro Assembler V9.60                                Page 1
                                                       Sun Mar 09 10:52:11 2025

     1                           	psect	idata,class=DATA,space=1,limit=080h
     2                           	psect	irdata,class=DATA,limit=080h
     3                           	global	_main
     4                           	signat	_main,88
     5                           	global	stack_internal
     6                           	psect	text,class=CODE
     7                           	psect	text
     8                           	file	"D:\MS11ws\4\w4\pr4\main.c"
     9                           	line	15
    10  00003                     _main:
    11  00003  80 5E              	j	f1471
    12  00005                     f1470:
    13                           ;main.c: 15: void main(void) {
    14                           
    15                           ;main.c: 27: init();
    16                           
    17                           	global	_init
    18                           	signat	_init,88
    19                           	FNCALL	_main,_init
    20                           	line	27
    21  00005  12 0065            	lcall	_init
    22                           ;main.c: 28: while (1) {
    23                           
    24                           	line	28
    25  00008                     l4:
    26                           ;main.c: 29: P00 = 1;
    27                           
    28                           	line	29
    29  00008  D2 80              	setb	p0.0
    30                           ;main.c: 30: delayms(dur3);
    31                           
    32                           	global	_delayms
    33                           	signat	_delayms,4216
    34                           	global	_dur3
    35                           	FNCALL	_main,_delayms
    36                           	line	30
    37  0000A  7C 00              	mov	r4,#high (2)
    38  0000C  7D 02              	mov	r5,#low (2)
    39  0000E  12 0079            	lcall	_delayms
    40                           
    41                           ;main.c: 31: P00 = 0;
    42                           
    43                           	line	31
    44  00011  C2 80              	clr	p0.0
    45                           ;main.c: 33: P01 = 1;
    46                           
    47                           	line	33
    48  00013  D2 81              	setb	p0.1
    49                           ;main.c: 34: delayms(dur4);
    50                           
    51                           	global	_dur4
    52                           	line	34
    53  00015  7C 00              	mov	r4,#high (5)
    54  00017  7D 05              	mov	r5,#low (5)
    55  00019  12 0079            	lcall	_delayms
    56                           
    57                           ;main.c: 35: P01 = 0;
    58                           
    59                           	line	35
    60  0001C  C2 81              	clr	p0.1
    61                           ;main.c: 37: P02 = 1;
    62                           
    63                           	line	37
    64  0001E  D2 82              	setb	p0.2
    65                           ;main.c: 38: delayms(dur3);
    66                           
    67                           	line	38
    68  00020  7C 00              	mov	r4,#high (2)
    69  00022  7D 02              	mov	r5,#low (2)
    70  00024  12 0079            	lcall	_delayms
    71                           
    72                           ;main.c: 39: P02 = 0;
    73                           
    74                           	line	39
    75  00027  C2 82              	clr	p0.2
    76                           ;main.c: 41: P03 = 1;
    77                           
    78                           	line	41
    79  00029  D2 83              	setb	p0.3
    80                           ;main.c: 42: delayms(dur1);
    81                           
    82                           	global	_dur1
    83                           	line	42
    84  0002B  7C 00              	mov	r4,#high (2)
    85  0002D  7D 02              	mov	r5,#low (2)
    86  0002F  12 0079            	lcall	_delayms
    87                           
    88                           ;main.c: 43: P03 = 0;
    89                           
    90                           	line	43
    91  00032  C2 83              	clr	p0.3
    92                           ;main.c: 45: P04 = 1;
    93                           
    94                           	line	45
    95  00034  D2 84              	setb	p0.4
    96                           ;main.c: 46: delayms(dur2);
    97                           
    98                           	global	_dur2
    99                           	line	46
   100  00036  7C 00              	mov	r4,#high (5)
   101  00038  7D 05              	mov	r5,#low (5)
   102  0003A  12 0079            	lcall	_delayms
   103                           
   104                           ;main.c: 47: P04 = 0;
   105                           
   106                           	line	47
   107  0003D  C2 84              	clr	p0.4
   108                           ;main.c: 49: P05 = 1;
   109                           
   110                           	line	49
   111  0003F  D2 85              	setb	p0.5
   112                           ;main.c: 50: delayms(dur1);
   113                           
   114                           	line	50
   115  00041  7C 00              	mov	r4,#high (2)
   116  00043  7D 02              	mov	r5,#low (2)
   117  00045  12 0079            	lcall	_delayms
   118                           
   119                           ;main.c: 51: P05 = 0;
   120                           
   121                           	line	51
   122  00048  C2 85              	clr	p0.5
   123                           ;main.c: 53: P06 = 1;
   124                           
   125                           	line	53
   126  0004A  D2 86              	setb	p0.6
   127                           ;main.c: 54: delayms(dur6);
   128                           
   129                           	global	_dur6
   130                           	line	54
   131  0004C  7C 00              	mov	r4,#high (1)
   132  0004E  7D 01              	mov	r5,#low (1)
   133  00050  12 0079            	lcall	_delayms
   134                           
   135                           ;main.c: 55: P06 = 0;
   136                           
   137                           	line	55
   138  00053  C2 86              	clr	p0.6
   139                           ;main.c: 57: P07 = 1;
   140                           
   141                           	line	57
   142  00055  D2 87              	setb	p0.7
   143                           ;main.c: 58: delayms(dur5);
   144                           
   145                           	global	_dur5
   146                           	line	58
   147  00057  7C 00              	mov	r4,#high (1)
   148  00059  7D 01              	mov	r5,#low (1)
   149  0005B  12 0079            	lcall	_delayms
   150                           
   151                           ;main.c: 59: P07 = 0;
   152                           
   153                           	line	59
   154  0005E  C2 87              	clr	p0.7
   155                           	line	61
   156  00060                     l3:
   157                           	line	28
   158  00060  80 A6              	jmp	l4
   159  00062                     l5:
   160                           ;main.c: 61: }
   161                           
   162                           ;main.c: 93: }
   163                           
   164                           	line	93
   165  00062                     l2:
   166  00062  22                 	ret
   167  00063                     f1471:
   168  00063  80 A0              	j	f1470
   169  0000                     f1472	equ	0
   170                           	line	94
   171  00065                     _init:
   172  00065  80 10              	j	f1501
   173  00067                     f1500:
   174                           ;main.c: 94: void init() {
   175                           
   176                           ;main.c: 95: P0 = 0x00;
   177                           
   178                           	line	95
   179  00067  75 80 00           	mov	080h,#0
   180                           ;main.c: 96: P1 = 0x00;
   181                           
   182                           	line	96
   183  0006A  75 90 00           	mov	090h,#0
   184                           ;main.c: 97: P2 = 0x00;
   185                           
   186                           	line	97
   187  0006D  75 A0 00           	mov	0A0h,#0
   188                           ;main.c: 98: P3 = 0x00;
   189                           
   190                           	line	98
   191  00070  75 B0 00           	mov	0B0h,#0
   192                           ;main.c: 100: TMOD = 0x01;
   193                           
   194                           	line	100
   195  00073  75 89 01           	mov	089h,#1
   196                           ;main.c: 101: }
   197                           
   198                           	line	101
   199  00076                     l6:
   200  00076  22                 	ret
   201  00077                     f1501:
   202  00077  80 EE              	j	f1500
   203  0000                     f1502	equ	0
   204                           ;	param _duration assigned to r4/r5 on entry
   205                           	line	102
   206  00079                     _delayms:
   207  00079  80 49              	j	f1511
   208  0007B                     f1510:
   209                           ;main.c: 102: void delayms(const int duration) {
   210                           
   211                           ;main.c: 103: duration *= 52;
   212                           
   213                           ;	var   _duration assigned to ?a_delayms+0
   214                           ;_duration stored from WR2
   215  0007B  8C 20              	mov	?a_delayms+0,r4
   216  0007D  8D 21              	mov	?a_delayms+0+1,r5
   217                           	line	103
   218  0007F  7C 00              	mov	r4,#high (52)
   219  00081  7D 34              	mov	r5,#low (52)
   220  00083  AA 20              	mov	r2,?a_delayms+0
   221  00085  AB 21              	mov	r3,?a_delayms+0+1
   222                           	global	awmul
   223  00087  12 00C6            	lcall	awmul
   224  0008A  8A 20              	mov	?a_delayms+0,r2
   225  0008C  8B 21              	mov	?a_delayms+0+1,r3
   226                           ;main.c: 104: for (; duration >=0; duration--) {
   227                           
   228                           	line	104
   229  0008E  E5 20              	mov	a,?a_delayms+0
   230  00090  30 E7 02           	bnb	acc.7, u11
   231  00093  80 02              	jmp	u10
   232  00095                     u11:
   233  00095  80 02              	jmp	l8
   234  00097                     u10:
   235  00097  80 2A              	jmp	l9
   236  00099                     l8:
   237                           ;main.c: 105: TH0 = 0x00;
   238                           
   239                           	line	105
   240  00099  75 8C 00           	mov	08Ch,#0
   241                           ;main.c: 106: TL0 = 0x00;
   242                           
   243                           	line	106
   244  0009C  75 8A 00           	mov	08Ah,#0
   245                           ;main.c: 107: TR0 = 1;
   246                           
   247                           	line	107
   248  0009F  D2 8C              	setb	tcon.4
   249                           ;main.c: 108: while (TF0 != 0);
   250                           
   251                           	line	108
   252  000A1  80 00              	jmp	l11
   253  000A3                     l12:
   254  000A3                     l11:
   255  000A3  20 8D 02           	bb	tcon.5, u21
   256  000A6  80 02              	jmp	u20
   257  000A8                     u21:
   258  000A8  80 F9              	jmp	l12
   259  000AA                     u20:
   260  000AA                     l13:
   261                           ;main.c: 109: TR0 = 0;
   262                           
   263                           	line	109
   264  000AA  C2 8C              	clr	tcon.4
   265                           ;main.c: 110: TF0 = 0;
   266                           
   267                           	line	110
   268  000AC  C2 8D              	clr	tcon.5
   269                           	line	104
   270  000AE  E5 21              	mov	a,?a_delayms+0+1
   271  000B0  24 FF              	add	a,#low (-01h)
   272  000B2  F5 21              	mov	?a_delayms+0+1,a
   273  000B4  E5 20              	mov	a,?a_delayms+0
   274  000B6  34 FF              	addc	a,#high (-01h)
   275  000B8  F5 20              	mov	?a_delayms+0,a
   276  000BA  E5 20              	mov	a,?a_delayms+0
   277  000BC  30 E7 02           	bnb	acc.7, u31
   278  000BF  80 02              	jmp	u30
   279  000C1                     u31:
   280  000C1  80 D6              	jmp	l8
   281  000C3                     u30:
   282  000C3                     l9:
   283                           ;main.c: 111: }
   284                           
   285                           ;main.c: 112: }
   286                           
   287                           	line	112
   288  000C3                     l7:
   289  000C3  22                 	ret
   290  000C4                     f1511:
   291  000C4  80 B5              	j	f1510
   292                           	FNSIZE	_delayms,2,0
   293                           	global	?a_delayms
   294  0000                     f1512	equ	0
   295  0000                     _A10	equ	162
   296  0000                     _A11	equ	163
   297  0000                     _A12	equ	164
   298  0000                     _A13	equ	165
   299  0000                     _A14	equ	166
   300  0000                     _A15	equ	167
   301  0000                     _A8	equ	160
   302  0000                     _A9	equ	161
   303  0000                     _AC	equ	214
   304  0000                     _ACC0	equ	224
   305  0000                     _ACC1	equ	225
   306  0000                     _ACC2	equ	226
   307  0000                     _ACC3	equ	227
   308  0000                     _ACC4	equ	228
   309  0000                     _ACC5	equ	229
   310  0000                     _ACC6	equ	230
   311  0000                     _ACC7	equ	231
   312  0000                     _AD0	equ	128
   313  0000                     _AD1	equ	129
   314  0000                     _AD2	equ	130
   315  0000                     _AD3	equ	131
   316  0000                     _AD4	equ	132
   317  0000                     _AD5	equ	133
   318  0000                     _AD6	equ	134
   319  0000                     _AD7	equ	135
   320  0000                     _B0	equ	240
   321  0000                     _B1	equ	241
   322  0000                     _B2	equ	242
   323  0000                     _B3	equ	243
   324  0000                     _B4	equ	244
   325  0000                     _B5	equ	245
   326  0000                     _B6	equ	246
   327  0000                     _B7	equ	247
   328  0000                     _CY	equ	215
   329  0000                     _EA	equ	175
   330  0000                     _ES	equ	172
   331  0000                     _ET0	equ	169
   332  0000                     _ET1	equ	171
   333  0000                     _EX0	equ	168
   334  0000                     _EX1	equ	170
   335  0000                     _F0	equ	213
   336  0000                     _IE0	equ	137
   337  0000                     _IE1	equ	139
   338  0000                     _INT0	equ	178
   339  0000                     _INT1	equ	179
   340  0000                     _IT0	equ	136
   341  0000                     _IT1	equ	138
   342  0000                     _OV	equ	210
   343  0000                     _P	equ	208
   344  0000                     _P00	equ	128
   345  0000                     _P01	equ	129
   346  0000                     _P02	equ	130
   347  0000                     _P03	equ	131
   348  0000                     _P04	equ	132
   349  0000                     _P05	equ	133
   350  0000                     _P06	equ	134
   351  0000                     _P07	equ	135
   352  0000                     _P10	equ	144
   353  0000                     _P11	equ	145
   354  0000                     _P12	equ	146
   355  0000                     _P13	equ	147
   356  0000                     _P14	equ	148
   357  0000                     _P15	equ	149
   358  0000                     _P16	equ	150
   359  0000                     _P17	equ	151
   360  0000                     _P20	equ	160
   361  0000                     _P21	equ	161
   362  0000                     _P22	equ	162
   363  0000                     _P23	equ	163
   364  0000                     _P24	equ	164
   365  0000                     _P25	equ	165
   366  0000                     _P26	equ	166
   367  0000                     _P27	equ	167
   368  0000                     _P30	equ	176
   369  0000                     _P31	equ	177
   370  0000                     _P32	equ	178
   371  0000                     _P33	equ	179
   372  0000                     _P34	equ	180
   373  0000                     _P35	equ	181
   374  0000                     _P36	equ	182
   375  0000                     _P37	equ	183
   376  0000                     _PS	equ	188
   377  0000                     _PT0	equ	185
   378  0000                     _PT1	equ	187
   379  0000                     _PX0	equ	184
   380  0000                     _PX1	equ	186
   381  0000                     _RB8	equ	154
   382  0000                     _RD	equ	183
   383  0000                     _REN	equ	156
   384  0000                     _RI	equ	152
   385  0000                     _RS0	equ	211
   386  0000                     _RS1	equ	212
   387  0000                     _RXD	equ	176
   388  0000                     _SM0	equ	159
   389  0000                     _SM1	equ	158
   390  0000                     _SM2	equ	157
   391  0000                     _T0	equ	180
   392  0000                     _T1	equ	181
   393  0000                     _TB8	equ	155
   394  0000                     _TF0	equ	141
   395  0000                     _TF1	equ	143
   396  0000                     _TI	equ	153
   397  0000                     _TR0	equ	140
   398  0000                     _TR1	equ	142
   399  0000                     _TXD	equ	177
   400  0000                     _WR	equ	182
   401  0000                     _ACC	equ	224
   402  0000                     _B	equ	240
   403  0000                     _DPH	equ	131
   404  0000                     _DPL	equ	130
   405  0000                     _IE	equ	168
   406  0000                     _IP	equ	184
   407  0000                     _P0	equ	128
   408  0000                     _P1	equ	144
   409  0000                     _P2	equ	160
   410  0000                     _P3	equ	176
   411  0000                     _PCON	equ	135
   412  0000                     _PSW	equ	208
   413  0000                     _SBUF	equ	153
   414  0000                     _SCON	equ	152
   415  0000                     _SP	equ	129
   416  0000                     _TCON	equ	136
   417  0000                     _TH0	equ	140
   418  0000                     _TH1	equ	141
   419  0000                     _TL0	equ	138
   420  0000                     _TL1	equ	139
   421  0000                     _TMOD	equ	137
   422  0000                     _ACC_BITS	equ	224
   423  0000                     _B_BITS	equ	240
   424  0000                     _IE_BITS	equ	168
   425  0000                     _IP_BITS	equ	184
   426  0000                     _P0_BITS	equ	128
   427  0000                     _P1_BITS	equ	144
   428  0000                     _P2_BITS	equ	160
   429  0000                     _P3_BITS	equ	176
   430  0000                     _PCON_BITS	equ	135
   431  0000                     _PSW_BITS	equ	208
   432  0000                     _SCON_BITS	equ	152
   433  0000                     _TCON_BITS	equ	136
   434  0000                     _TMOD_BITS	equ	137
   435                           	psect	data,class=CODE
   436                           	psect	data
   437  00100                     _dur1:
   438  00100  0002               	dw	(2)
   439  00102                     _dur2:
   440  00102  0005               	dw	(5)
   441  00104                     _dur3:
   442  00104  0002               	dw	(2)
   443  00106                     _dur4:
   444  00106  0005               	dw	(5)
   445  00108                     _dur5:
   446  00108  0001               	dw	(1)
   447  0010A                     _dur6:
   448  0010A  0001               	dw	(1)


HI-TECH Software 8051 Macro Assembler V9.60                                Page 2
Symbol Table                                           Sun Mar 09 10:52:11 2025

            _B 000F0              l2 00062              l3 00060  
            l4 00008              l5 00062              _P 000D0  
            l6 00076              l7 000C3              l8 00099  
            l9 000C3             _B0 000F0             _B1 000F1  
           _B2 000F2             _B3 000F3             _B4 000F4  
           _B5 000F5             _B6 000F6             _A8 000A0  
           _B7 000F7             _A9 000A1             _F0 000D5  
           _AC 000D6             l11 000A3             l12 000A3  
           l13 000AA             _EA 000AF             _P0 00080  
           _P1 00090             _P2 000A0             _P3 000B0  
           _IE 000A8             _T0 000B4             _T1 000B5  
           _ES 000AC             _CY 000D7             _IP 000B8  
           _RD 000B7             u10 00097             u11 00095  
           u20 000AA             _RI 00098             u21 000A8  
           u30 000C3             u31 000C1             _TI 00099  
           _PS 000BC             _OV 000D2             _SP 00081  
           _WR 000B6         _B_BITS 000F0            _A10 000A2  
          _A11 000A3            _A12 000A4            _A13 000A5  
          _A14 000A6            _A15 000A7            _AD0 00080  
          _AD1 00081            _AD2 00082            _AD3 00083  
          _AD4 00084            _AD5 00085            _AD6 00086  
          _AD7 00087            _ACC 000E0            _P00 00080  
          _P01 00081            _P10 00090            _P02 00082  
          _P11 00091            _P03 00083            _P20 000A0  
          _P12 00092            _P04 00084            _P21 000A1  
          _P13 00093            _P05 00085            _P30 000B0  
          _P22 000A2            _P14 00094            _P06 00086  
          _P31 000B1            _P23 000A3            _P15 00095  
          _P07 00087            _P32 000B2            _P24 000A4  
          _P16 00096            _P33 000B3            _P25 000A5  
          _P17 00097            _P34 000B4            _P26 000A6  
          _P35 000B5            _P27 000A7            _P36 000B6  
          _P37 000B7            _IE0 00089            _IE1 0008B  
          _ET0 000A9            _ET1 000AB            _EX0 000A8  
          _EX1 000AA            _DPH 00083            _DPL 00082  
          _IT0 00088            _IT1 0008A            _RB8 0009A  
          _TF0 0008D            _TB8 0009B            _TF1 0008F  
          _TH0 0008C            _TH1 0008D            _SM0 0009F  
          _SM1 0009E            _TL0 0008A            _SM2 0009D  
          _PT0 000B9            _TL1 0008B            _PT1 000BB  
          _RS0 000D3            _RS1 000D4            _REN 0009C  
          _PX0 000B8            _PX1 000BA            _TR0 0008C  
          _TR1 0008E            _RXD 000B0            _PSW 000D0  
          _TXD 000B1        _P0_BITS 00080        _P1_BITS 00090  
      _P2_BITS 000A0        _P3_BITS 000B0        _IE_BITS 000A8  
     _ACC_BITS 000E0        _IP_BITS 000B8      ?a_delayms 00020  
         f1500 00067           f1501 00077           f1510 0007B  
         f1502 00000           f1511 000C4           f1512 00000  
         f1470 00005           f1471 00063           f1472 00000  
         _ACC0 000E0           _ACC1 000E1           _ACC2 000E2  
         _ACC3 000E3           _ACC4 000E4           _ACC5 000E5  
         _ACC6 000E6           _ACC7 000E7  stack_internal 00001  
         _INT0 000B2           _INT1 000B3           _PCON 00087  
         _SCON 00098           _SBUF 00099           _TCON 00088  
         _TMOD 00089           _dur1 00100           _dur2 00102  
         _dur3 00104           _dur4 00106           _dur5 00108  
         _dur6 0010A           _main 00003           _init 00065  
         awmul 000C6        _delayms 00079       _PSW_BITS 000D0  
    _PCON_BITS 00087      _SCON_BITS 00098      _TCON_BITS 00088  
    _TMOD_BITS 00089  
