warning; file ; line ; column ; unable to open list file "ldc_byte.rlf": No such file or directory
warning; file ; line ; column ; unable to open list file "powerup.rlf": No such file or directory
warning; file ; line ; column ; unable to open list file "strcpy.rlf": No such file or directory
warning; file ; line ; column ; unable to open list file "strlen.rlf": No such file or directory
warning; file ; line ; column ; unable to open list file "div.rlf": No such file or directory
warning; file ; line ; column ; unable to open list file "ldc_byte.rlf": No such file or directory
warning; file ; line ; column ; unable to open list file "powerup.rlf": No such file or directory
warning; file ; line ; column ; unable to open list file "strcpy.rlf": No such file or directory
warning; file ; line ; column ; unable to open list file "strlen.rlf": No such file or directory
warning; file ; line ; column ; unable to open list file "div.rlf": No such file or directory

Memory Usage Map:

Program space:
    CODE                 used   317h (   791) of  1000h bytes   ( 19.3%)

Internal Data:
    BITSEG               used     0h (     0) of    10h bits    (  0.0%)
    DATA                 used    60h (    96) of    60h bytes   (100.0%)

External Data:

Summary:
    Program space        used   317h (   791) of  1000h bytes   ( 19.3%)
    Internal Data        used    60h (    96) of    80h bytes   ( 75.0%)
    External Data        None available

